<?xml version="1.0" encoding="UTF-8"?>
<!-- Generated by org.testng.reporters.JUnitReportReporter -->
<testsuite hostname="VIKASLAGAD" failures="0" tests="1" name="utility.listner" time="2.385" errors="0" timestamp="2023-02-07T22:57:08 IST" skipped="0">
  <testcase classname="utility.listner" name="login" time="2.385"/>
  <system-out/>
</testsuite> <!-- utility.listner -->
