<?xml version="1.0" encoding="UTF-8"?>
<!-- Generated by org.testng.reporters.JUnitReportReporter -->
<testsuite hostname="VIKASLAGAD" failures="0" tests="1" name="test.logintest" time="2.295" errors="0" timestamp="2023-02-07T12:10:33 IST" skipped="0">
  <testcase classname="test.logintest" name="login" time="2.295"/>
  <system-out/>
</testsuite> <!-- test.logintest -->
